"Start of log file."
"C:/Users/nicho/Desktop/GITPRO~1/THE-GU~1/THEGUY~1/Assets/CUSTOM~1/Models/Phone.max"
"Starting max loading and fbx conversion"
window = undefined
"Settings units"
"Before fbx export"
"After fbx export"
"Finished max loading and fbx conversion"
"C:/Users/nicho/Desktop/GITPRO~1/THE-GU~1/THEGUY~1/Assets/CUSTOM~1/Models/Screen.max"
"Starting max loading and fbx conversion"
window = undefined
"Settings units"
"Before fbx export"
"After fbx export"
"Finished max loading and fbx conversion"
"C:/Users/nicho/Desktop/GITPRO~1/THE-GU~1/THEGUY~1/Assets/CUSTOM~1/Models/SCREEN~1.MAX"
"Starting max loading and fbx conversion"
window = undefined
"Settings units"
"Before fbx export"
"After fbx export"
"Finished max loading and fbx conversion"
"C:/Users/nicho/Desktop/GITPRO~1/THE-GU~1/THEGUY~1/Assets/CUSTOM~1/Models/FULLPH~1.MAX"
"Starting max loading and fbx conversion"
window = undefined
"Settings units"
"Before fbx export"
"After fbx export"
"Finished max loading and fbx conversion"
"C:/Users/nicho/Desktop/GITPRO~1/THE-GU~1/THEGUY~1/Assets/CUSTOM~1/Models/Can.max"
"Starting max loading and fbx conversion"
window = undefined
"Settings units"
"Before fbx export"
"After fbx export"
"Finished max loading and fbx conversion"
"C:/Users/nicho/Desktop/GITPRO~1/THE-GU~1/THEGUY~1/Assets/CUSTOM~1/Models/Computer.max"
"Starting max loading and fbx conversion"
window = undefined
"Settings units"
"Before fbx export"
"After fbx export"
"Finished max loading and fbx conversion"
"C:/Users/nicho/Desktop/GITPRO~1/THE-GU~1/THEGUY~1/Assets/CUSTOM~1/Models/Desk.max"
"Starting max loading and fbx conversion"
window = undefined
"Settings units"
"Before fbx export"
"After fbx export"
"Finished max loading and fbx conversion"
